2024-06-25 19:09:21,619 INFO o.t.i.Utils [main] [Utils] MethodGroupsHelper.collectMethodsByGroup() took 1 ms.
2024-06-25 19:09:21,632 INFO o.t.i.Utils [main] [Utils] MethodGroupsHelper.sortMethods() took 1 ms.
2024-06-25 19:09:21,634 INFO o.t.i.Utils [main] [Utils] MethodGroupsHelper.collectMethodsByGroup() took 0 ms.
2024-06-25 19:09:21,634 INFO o.t.i.Utils [main] [Utils] MethodGroupsHelper.sortMethods() took 0 ms.
2024-06-25 19:09:21,635 INFO o.t.i.Utils [main] [Utils] MethodGroupsHelper.collectMethodsByGroup() took 0 ms.
2024-06-25 19:09:21,636 INFO o.t.i.Utils [main] [Utils] MethodGroupsHelper.sortMethods() took 0 ms.
2024-06-25 19:09:21,637 INFO o.t.i.Utils [main] [Utils] MethodGroupsHelper.collectMethodsByGroup() took 0 ms.
2024-06-25 19:09:21,637 INFO o.t.i.Utils [main] [Utils] MethodGroupsHelper.sortMethods() took 0 ms.
2024-06-25 19:09:21,641 INFO o.t.i.Utils [main] [Utils] MethodGroupsHelper.collectMethodsByGroup() took 2 ms.
2024-06-25 19:09:21,655 INFO o.t.i.Utils [main] [Utils] MethodGroupsHelper.sortMethods() took 13 ms.
2024-06-25 19:09:21,656 INFO o.t.i.Utils [main] [Utils] MethodGroupsHelper.collectMethodsByGroup() took 0 ms.
2024-06-25 19:09:21,657 INFO o.t.i.Utils [main] [Utils] MethodGroupsHelper.sortMethods() took 1 ms.
2024-06-25 19:09:21,657 INFO o.t.i.Utils [main] [Utils] MethodGroupsHelper.collectMethodsByGroup() took 0 ms.
2024-06-25 19:09:21,658 INFO o.t.i.Utils [main] [Utils] MethodGroupsHelper.sortMethods() took 0 ms.
2024-06-25 19:09:21,658 INFO o.t.i.Utils [main] [Utils] MethodGroupsHelper.collectMethodsByGroup() took 0 ms.
2024-06-25 19:09:21,658 INFO o.t.i.Utils [main] [Utils] MethodGroupsHelper.sortMethods() took 0 ms.
2024-06-25 19:09:21,659 INFO o.t.i.Utils [main] [Utils] MethodGroupsHelper.collectMethodsByGroup() took 0 ms.
2024-06-25 19:09:21,659 INFO o.t.i.Utils [main] [Utils] MethodGroupsHelper.sortMethods() took 0 ms.
2024-06-25 19:09:21,660 INFO o.t.i.Utils [main] [Utils] MethodGroupsHelper.collectMethodsByGroup() took 0 ms.
2024-06-25 19:09:21,660 INFO o.t.i.Utils [main] [Utils] MethodGroupsHelper.sortMethods() took 0 ms.
2024-06-25 19:09:21,664 INFO o.t.i.Utils [main] [Utils] MethodGroupsHelper.collectMethodsByGroup() took 0 ms.
2024-06-25 19:09:21,664 INFO o.t.i.Utils [main] [Utils] MethodGroupsHelper.sortMethods() took 0 ms.
2024-06-25 19:09:21,665 INFO o.t.i.Utils [main] [Utils] MethodGroupsHelper.collectMethodsByGroup() took 0 ms.
2024-06-25 19:09:21,665 INFO o.t.i.Utils [main] [Utils] MethodGroupsHelper.sortMethods() took 0 ms.
2024-06-25 19:09:21,666 INFO o.t.i.Utils [main] [Utils] MethodGroupsHelper.collectMethodsByGroup() took 0 ms.
2024-06-25 19:09:21,666 INFO o.t.i.Utils [main] [Utils] MethodGroupsHelper.sortMethods() took 0 ms.
2024-06-25 19:09:21,668 INFO o.t.i.Utils [main] [Utils] MethodGroupsHelper.collectMethodsByGroup() took 0 ms.
2024-06-25 19:09:21,668 INFO o.t.i.Utils [main] [Utils] MethodGroupsHelper.sortMethods() took 0 ms.
2024-06-25 19:09:21,668 INFO o.t.i.Utils [main] [Utils] MethodGroupsHelper.collectMethodsByGroup() took 0 ms.
2024-06-25 19:09:21,668 INFO o.t.i.Utils [main] [Utils] MethodGroupsHelper.sortMethods() took 0 ms.
2024-06-25 19:09:21,681 INFO o.t.i.Utils [main] [TestNG] Running:
  C:\Users\vyshu\AppData\Local\Temp\testng-eclipse--1060353156\testng-customsuite.xml

2024-06-25 19:09:21,704 INFO o.t.i.Utils [main] [Utils] DynamicGraphHelper.createDynamicGraph() took 6 ms.
2024-06-25 19:09:22,006 INFO o.t.i.Utils [main] [TestNG] Time taken by org.testng.reporters.jq.Main@292d1c71: 167 ms
2024-06-25 19:09:22,024 INFO o.t.i.Utils [main] [TestNG] Time taken by org.testng.reporters.FailedReporter@16f7b4af: 18 ms
2024-06-25 19:09:22,042 INFO o.t.i.Utils [main] [TestNG] Time taken by org.testng.reporters.XMLReporter@10fde30a: 18 ms
2024-06-25 19:09:22,052 INFO o.t.i.Utils [main] [TestNG] Time taken by org.testng.reporters.EmailableReporter2@162be91c: 10 ms
2024-06-25 19:09:22,065 INFO o.t.i.Utils [main] [TestNG] Time taken by org.testng.reporters.JUnitReportReporter@1992eaf4: 13 ms
2024-06-25 19:09:22,065 INFO o.t.i.Utils [main] [TestNG] Time taken by org.testng.internal.ExitCodeListener@f74e835: 0 ms
2024-06-25 19:10:22,351 INFO o.t.i.Utils [main] [Utils] MethodGroupsHelper.collectMethodsByGroup() took 2 ms.
2024-06-25 19:10:22,358 INFO o.t.i.Utils [main] [Utils] MethodGroupsHelper.sortMethods() took 1 ms.
2024-06-25 19:10:22,359 INFO o.t.i.Utils [main] [Utils] MethodGroupsHelper.collectMethodsByGroup() took 0 ms.
2024-06-25 19:10:22,359 INFO o.t.i.Utils [main] [Utils] MethodGroupsHelper.sortMethods() took 0 ms.
2024-06-25 19:10:22,360 INFO o.t.i.Utils [main] [Utils] MethodGroupsHelper.collectMethodsByGroup() took 0 ms.
2024-06-25 19:10:22,360 INFO o.t.i.Utils [main] [Utils] MethodGroupsHelper.sortMethods() took 0 ms.
2024-06-25 19:10:22,360 INFO o.t.i.Utils [main] [Utils] MethodGroupsHelper.collectMethodsByGroup() took 0 ms.
2024-06-25 19:10:22,360 INFO o.t.i.Utils [main] [Utils] MethodGroupsHelper.sortMethods() took 0 ms.
2024-06-25 19:10:22,364 INFO o.t.i.Utils [main] [Utils] MethodGroupsHelper.collectMethodsByGroup() took 3 ms.
2024-06-25 19:10:22,379 INFO o.t.i.Utils [main] [Utils] MethodGroupsHelper.sortMethods() took 14 ms.
2024-06-25 19:10:22,380 INFO o.t.i.Utils [main] [Utils] MethodGroupsHelper.collectMethodsByGroup() took 1 ms.
2024-06-25 19:10:22,380 INFO o.t.i.Utils [main] [Utils] MethodGroupsHelper.sortMethods() took 0 ms.
2024-06-25 19:10:22,382 INFO o.t.i.Utils [main] [Utils] MethodGroupsHelper.collectMethodsByGroup() took 0 ms.
2024-06-25 19:10:22,382 INFO o.t.i.Utils [main] [Utils] MethodGroupsHelper.sortMethods() took 0 ms.
2024-06-25 19:10:22,382 INFO o.t.i.Utils [main] [Utils] MethodGroupsHelper.collectMethodsByGroup() took 0 ms.
2024-06-25 19:10:22,382 INFO o.t.i.Utils [main] [Utils] MethodGroupsHelper.sortMethods() took 0 ms.
2024-06-25 19:10:22,384 INFO o.t.i.Utils [main] [Utils] MethodGroupsHelper.collectMethodsByGroup() took 0 ms.
2024-06-25 19:10:22,384 INFO o.t.i.Utils [main] [Utils] MethodGroupsHelper.sortMethods() took 0 ms.
2024-06-25 19:10:22,384 INFO o.t.i.Utils [main] [Utils] MethodGroupsHelper.collectMethodsByGroup() took 0 ms.
2024-06-25 19:10:22,384 INFO o.t.i.Utils [main] [Utils] MethodGroupsHelper.sortMethods() took 0 ms.
2024-06-25 19:10:22,387 INFO o.t.i.Utils [main] [Utils] MethodGroupsHelper.collectMethodsByGroup() took 0 ms.
2024-06-25 19:10:22,388 INFO o.t.i.Utils [main] [Utils] MethodGroupsHelper.sortMethods() took 0 ms.
2024-06-25 19:10:22,388 INFO o.t.i.Utils [main] [Utils] MethodGroupsHelper.collectMethodsByGroup() took 0 ms.
2024-06-25 19:10:22,388 INFO o.t.i.Utils [main] [Utils] MethodGroupsHelper.sortMethods() took 0 ms.
2024-06-25 19:10:22,390 INFO o.t.i.Utils [main] [Utils] MethodGroupsHelper.collectMethodsByGroup() took 1 ms.
2024-06-25 19:10:22,390 INFO o.t.i.Utils [main] [Utils] MethodGroupsHelper.sortMethods() took 0 ms.
2024-06-25 19:10:22,392 INFO o.t.i.Utils [main] [Utils] MethodGroupsHelper.collectMethodsByGroup() took 0 ms.
2024-06-25 19:10:22,392 INFO o.t.i.Utils [main] [Utils] MethodGroupsHelper.sortMethods() took 0 ms.
2024-06-25 19:10:22,392 INFO o.t.i.Utils [main] [Utils] MethodGroupsHelper.collectMethodsByGroup() took 0 ms.
2024-06-25 19:10:22,392 INFO o.t.i.Utils [main] [Utils] MethodGroupsHelper.sortMethods() took 0 ms.
2024-06-25 19:10:22,406 INFO o.t.i.Utils [main] [TestNG] Running:
  C:\Users\vyshu\AppData\Local\Temp\testng-eclipse--422793056\testng-customsuite.xml

2024-06-25 19:10:22,432 INFO o.t.i.Utils [main] [Utils] DynamicGraphHelper.createDynamicGraph() took 4 ms.
2024-06-25 19:10:22,702 INFO o.t.i.Utils [main] [TestNG] Time taken by org.testng.reporters.jq.Main@2692b61e: 159 ms
2024-06-25 19:10:22,724 INFO o.t.i.Utils [main] [TestNG] Time taken by org.testng.reporters.FailedReporter@277f7dd3: 22 ms
2024-06-25 19:10:22,739 INFO o.t.i.Utils [main] [TestNG] Time taken by org.testng.reporters.XMLReporter@4275c20c: 14 ms
2024-06-25 19:10:22,749 INFO o.t.i.Utils [main] [TestNG] Time taken by org.testng.reporters.EmailableReporter2@5860f3d7: 10 ms
2024-06-25 19:10:22,758 INFO o.t.i.Utils [main] [TestNG] Time taken by org.testng.reporters.JUnitReportReporter@7e3f95fe: 8 ms
2024-06-25 19:10:22,759 INFO o.t.i.Utils [main] [TestNG] Time taken by org.testng.internal.ExitCodeListener@34625ccd: 0 ms
2024-06-25 19:11:04,944 INFO o.t.i.Utils [main] [Utils] MethodGroupsHelper.collectMethodsByGroup() took 0 ms.
2024-06-25 19:11:04,950 INFO o.t.i.Utils [main] [Utils] MethodGroupsHelper.sortMethods() took 0 ms.
2024-06-25 19:11:04,952 INFO o.t.i.Utils [main] [Utils] MethodGroupsHelper.collectMethodsByGroup() took 0 ms.
2024-06-25 19:11:04,952 INFO o.t.i.Utils [main] [Utils] MethodGroupsHelper.sortMethods() took 0 ms.
2024-06-25 19:11:04,952 INFO o.t.i.Utils [main] [Utils] MethodGroupsHelper.collectMethodsByGroup() took 0 ms.
2024-06-25 19:11:04,953 INFO o.t.i.Utils [main] [Utils] MethodGroupsHelper.sortMethods() took 0 ms.
2024-06-25 19:11:04,953 INFO o.t.i.Utils [main] [Utils] MethodGroupsHelper.collectMethodsByGroup() took 0 ms.
2024-06-25 19:11:04,953 INFO o.t.i.Utils [main] [Utils] MethodGroupsHelper.sortMethods() took 0 ms.
2024-06-25 19:11:04,957 INFO o.t.i.Utils [main] [Utils] MethodGroupsHelper.collectMethodsByGroup() took 2 ms.
2024-06-25 19:11:04,967 INFO o.t.i.Utils [main] [Utils] MethodGroupsHelper.sortMethods() took 10 ms.
2024-06-25 19:11:04,969 INFO o.t.i.Utils [main] [Utils] MethodGroupsHelper.collectMethodsByGroup() took 0 ms.
2024-06-25 19:11:04,970 INFO o.t.i.Utils [main] [Utils] MethodGroupsHelper.sortMethods() took 0 ms.
2024-06-25 19:11:04,971 INFO o.t.i.Utils [main] [Utils] MethodGroupsHelper.collectMethodsByGroup() took 0 ms.
2024-06-25 19:11:04,971 INFO o.t.i.Utils [main] [Utils] MethodGroupsHelper.sortMethods() took 0 ms.
2024-06-25 19:11:04,972 INFO o.t.i.Utils [main] [Utils] MethodGroupsHelper.collectMethodsByGroup() took 0 ms.
2024-06-25 19:11:04,972 INFO o.t.i.Utils [main] [Utils] MethodGroupsHelper.sortMethods() took 0 ms.
2024-06-25 19:11:04,973 INFO o.t.i.Utils [main] [Utils] MethodGroupsHelper.collectMethodsByGroup() took 0 ms.
2024-06-25 19:11:04,973 INFO o.t.i.Utils [main] [Utils] MethodGroupsHelper.sortMethods() took 0 ms.
2024-06-25 19:11:04,974 INFO o.t.i.Utils [main] [Utils] MethodGroupsHelper.collectMethodsByGroup() took 0 ms.
2024-06-25 19:11:04,974 INFO o.t.i.Utils [main] [Utils] MethodGroupsHelper.sortMethods() took 0 ms.
2024-06-25 19:11:04,980 INFO o.t.i.Utils [main] [Utils] MethodGroupsHelper.collectMethodsByGroup() took 1 ms.
2024-06-25 19:11:04,980 INFO o.t.i.Utils [main] [Utils] MethodGroupsHelper.sortMethods() took 0 ms.
2024-06-25 19:11:04,980 INFO o.t.i.Utils [main] [Utils] MethodGroupsHelper.collectMethodsByGroup() took 0 ms.
2024-06-25 19:11:04,980 INFO o.t.i.Utils [main] [Utils] MethodGroupsHelper.sortMethods() took 0 ms.
2024-06-25 19:11:04,982 INFO o.t.i.Utils [main] [Utils] MethodGroupsHelper.collectMethodsByGroup() took 1 ms.
2024-06-25 19:11:04,983 INFO o.t.i.Utils [main] [Utils] MethodGroupsHelper.sortMethods() took 0 ms.
2024-06-25 19:11:04,984 INFO o.t.i.Utils [main] [Utils] MethodGroupsHelper.collectMethodsByGroup() took 0 ms.
2024-06-25 19:11:04,984 INFO o.t.i.Utils [main] [Utils] MethodGroupsHelper.sortMethods() took 0 ms.
2024-06-25 19:11:04,984 INFO o.t.i.Utils [main] [Utils] MethodGroupsHelper.collectMethodsByGroup() took 0 ms.
2024-06-25 19:11:04,984 INFO o.t.i.Utils [main] [Utils] MethodGroupsHelper.sortMethods() took 0 ms.
2024-06-25 19:11:04,998 INFO o.t.i.Utils [main] [TestNG] Running:
  C:\Users\vyshu\AppData\Local\Temp\testng-eclipse--66823703\testng-customsuite.xml

2024-06-25 19:11:05,018 INFO o.t.i.Utils [main] [Utils] DynamicGraphHelper.createDynamicGraph() took 4 ms.
2024-06-25 19:11:05,242 INFO o.t.i.Utils [main] [TestNG] Time taken by org.testng.reporters.jq.Main@773cbf4f: 93 ms
2024-06-25 19:11:05,258 INFO o.t.i.Utils [main] [TestNG] Time taken by org.testng.reporters.FailedReporter@6ca0256d: 16 ms
2024-06-25 19:11:05,274 INFO o.t.i.Utils [main] [TestNG] Time taken by org.testng.reporters.XMLReporter@44e3760b: 15 ms
2024-06-25 19:11:05,285 INFO o.t.i.Utils [main] [TestNG] Time taken by org.testng.reporters.EmailableReporter2@346939bf: 11 ms
2024-06-25 19:11:05,345 INFO o.t.i.Utils [main] [TestNG] Time taken by org.testng.reporters.JUnitReportReporter@39dcf4b0: 60 ms
2024-06-25 19:11:05,345 INFO o.t.i.Utils [main] [TestNG] Time taken by org.testng.internal.ExitCodeListener@6e4de19b: 0 ms
2024-06-25 19:11:37,715 INFO o.t.i.Utils [main] [Utils] MethodGroupsHelper.collectMethodsByGroup() took 1 ms.
2024-06-25 19:11:37,722 INFO o.t.i.Utils [main] [Utils] MethodGroupsHelper.sortMethods() took 2 ms.
2024-06-25 19:11:37,723 INFO o.t.i.Utils [main] [Utils] MethodGroupsHelper.collectMethodsByGroup() took 0 ms.
2024-06-25 19:11:37,723 INFO o.t.i.Utils [main] [Utils] MethodGroupsHelper.sortMethods() took 0 ms.
2024-06-25 19:11:37,725 INFO o.t.i.Utils [main] [Utils] MethodGroupsHelper.collectMethodsByGroup() took 0 ms.
2024-06-25 19:11:37,725 INFO o.t.i.Utils [main] [Utils] MethodGroupsHelper.sortMethods() took 0 ms.
2024-06-25 19:11:37,725 INFO o.t.i.Utils [main] [Utils] MethodGroupsHelper.collectMethodsByGroup() took 0 ms.
2024-06-25 19:11:37,726 INFO o.t.i.Utils [main] [Utils] MethodGroupsHelper.sortMethods() took 0 ms.
2024-06-25 19:11:37,731 INFO o.t.i.Utils [main] [Utils] MethodGroupsHelper.collectMethodsByGroup() took 3 ms.
2024-06-25 19:11:37,742 INFO o.t.i.Utils [main] [Utils] MethodGroupsHelper.sortMethods() took 11 ms.
2024-06-25 19:11:37,743 INFO o.t.i.Utils [main] [Utils] MethodGroupsHelper.collectMethodsByGroup() took 0 ms.
2024-06-25 19:11:37,744 INFO o.t.i.Utils [main] [Utils] MethodGroupsHelper.sortMethods() took 0 ms.
2024-06-25 19:11:37,745 INFO o.t.i.Utils [main] [Utils] MethodGroupsHelper.collectMethodsByGroup() took 0 ms.
2024-06-25 19:11:37,745 INFO o.t.i.Utils [main] [Utils] MethodGroupsHelper.sortMethods() took 0 ms.
2024-06-25 19:11:37,745 INFO o.t.i.Utils [main] [Utils] MethodGroupsHelper.collectMethodsByGroup() took 0 ms.
2024-06-25 19:11:37,745 INFO o.t.i.Utils [main] [Utils] MethodGroupsHelper.sortMethods() took 0 ms.
2024-06-25 19:11:37,748 INFO o.t.i.Utils [main] [Utils] MethodGroupsHelper.collectMethodsByGroup() took 0 ms.
2024-06-25 19:11:37,748 INFO o.t.i.Utils [main] [Utils] MethodGroupsHelper.sortMethods() took 0 ms.
2024-06-25 19:11:37,749 INFO o.t.i.Utils [main] [Utils] MethodGroupsHelper.collectMethodsByGroup() took 0 ms.
2024-06-25 19:11:37,749 INFO o.t.i.Utils [main] [Utils] MethodGroupsHelper.sortMethods() took 0 ms.
2024-06-25 19:11:37,752 INFO o.t.i.Utils [main] [Utils] MethodGroupsHelper.collectMethodsByGroup() took 0 ms.
2024-06-25 19:11:37,752 INFO o.t.i.Utils [main] [Utils] MethodGroupsHelper.sortMethods() took 0 ms.
2024-06-25 19:11:37,753 INFO o.t.i.Utils [main] [Utils] MethodGroupsHelper.collectMethodsByGroup() took 0 ms.
2024-06-25 19:11:37,753 INFO o.t.i.Utils [main] [Utils] MethodGroupsHelper.sortMethods() took 0 ms.
2024-06-25 19:11:37,754 INFO o.t.i.Utils [main] [Utils] MethodGroupsHelper.collectMethodsByGroup() took 0 ms.
2024-06-25 19:11:37,755 INFO o.t.i.Utils [main] [Utils] MethodGroupsHelper.sortMethods() took 0 ms.
2024-06-25 19:11:37,756 INFO o.t.i.Utils [main] [Utils] MethodGroupsHelper.collectMethodsByGroup() took 0 ms.
2024-06-25 19:11:37,756 INFO o.t.i.Utils [main] [Utils] MethodGroupsHelper.sortMethods() took 0 ms.
2024-06-25 19:11:37,756 INFO o.t.i.Utils [main] [Utils] MethodGroupsHelper.collectMethodsByGroup() took 0 ms.
2024-06-25 19:11:37,757 INFO o.t.i.Utils [main] [Utils] MethodGroupsHelper.sortMethods() took 0 ms.
2024-06-25 19:11:37,769 INFO o.t.i.Utils [main] [TestNG] Running:
  C:\Users\vyshu\AppData\Local\Temp\testng-eclipse--1217745581\testng-customsuite.xml

2024-06-25 19:11:37,795 INFO o.t.i.Utils [main] [Utils] DynamicGraphHelper.createDynamicGraph() took 6 ms.
2024-06-25 19:11:39,305 INFO o.t.i.Utils [main] [TestNG] Time taken by org.testng.reporters.jq.Main@6e1f8469: 112 ms
2024-06-25 19:11:39,325 INFO o.t.i.Utils [main] [TestNG] Time taken by org.testng.reporters.FailedReporter@3be4f71: 19 ms
2024-06-25 19:11:39,353 INFO o.t.i.Utils [main] [TestNG] Time taken by org.testng.reporters.XMLReporter@63ec445c: 27 ms
2024-06-25 19:11:39,366 INFO o.t.i.Utils [main] [TestNG] Time taken by org.testng.reporters.EmailableReporter2@4c03a37: 12 ms
2024-06-25 19:11:39,380 INFO o.t.i.Utils [main] [TestNG] Time taken by org.testng.reporters.JUnitReportReporter@26e412ef: 13 ms
2024-06-25 19:11:39,381 INFO o.t.i.Utils [main] [TestNG] Time taken by org.testng.internal.ExitCodeListener@4ae263bf: 0 ms
2024-06-25 19:13:15,823 INFO o.t.i.Utils [main] [Utils] MethodGroupsHelper.collectMethodsByGroup() took 2 ms.
2024-06-25 19:13:15,831 INFO o.t.i.Utils [main] [Utils] MethodGroupsHelper.sortMethods() took 1 ms.
2024-06-25 19:13:15,834 INFO o.t.i.Utils [main] [Utils] MethodGroupsHelper.collectMethodsByGroup() took 0 ms.
2024-06-25 19:13:15,834 INFO o.t.i.Utils [main] [Utils] MethodGroupsHelper.sortMethods() took 0 ms.
2024-06-25 19:13:15,835 INFO o.t.i.Utils [main] [Utils] MethodGroupsHelper.collectMethodsByGroup() took 0 ms.
2024-06-25 19:13:15,835 INFO o.t.i.Utils [main] [Utils] MethodGroupsHelper.sortMethods() took 0 ms.
2024-06-25 19:13:15,836 INFO o.t.i.Utils [main] [Utils] MethodGroupsHelper.collectMethodsByGroup() took 0 ms.
2024-06-25 19:13:15,836 INFO o.t.i.Utils [main] [Utils] MethodGroupsHelper.sortMethods() took 0 ms.
2024-06-25 19:13:15,846 INFO o.t.i.Utils [main] [Utils] MethodGroupsHelper.collectMethodsByGroup() took 8 ms.
2024-06-25 19:13:15,859 INFO o.t.i.Utils [main] [Utils] MethodGroupsHelper.sortMethods() took 13 ms.
2024-06-25 19:13:15,862 INFO o.t.i.Utils [main] [Utils] MethodGroupsHelper.collectMethodsByGroup() took 0 ms.
2024-06-25 19:13:15,863 INFO o.t.i.Utils [main] [Utils] MethodGroupsHelper.sortMethods() took 1 ms.
2024-06-25 19:13:15,864 INFO o.t.i.Utils [main] [Utils] MethodGroupsHelper.collectMethodsByGroup() took 0 ms.
2024-06-25 19:13:15,864 INFO o.t.i.Utils [main] [Utils] MethodGroupsHelper.sortMethods() took 0 ms.
2024-06-25 19:13:15,865 INFO o.t.i.Utils [main] [Utils] MethodGroupsHelper.collectMethodsByGroup() took 0 ms.
2024-06-25 19:13:15,866 INFO o.t.i.Utils [main] [Utils] MethodGroupsHelper.sortMethods() took 0 ms.
2024-06-25 19:13:15,868 INFO o.t.i.Utils [main] [Utils] MethodGroupsHelper.collectMethodsByGroup() took 0 ms.
2024-06-25 19:13:15,868 INFO o.t.i.Utils [main] [Utils] MethodGroupsHelper.sortMethods() took 0 ms.
2024-06-25 19:13:15,869 INFO o.t.i.Utils [main] [Utils] MethodGroupsHelper.collectMethodsByGroup() took 0 ms.
2024-06-25 19:13:15,869 INFO o.t.i.Utils [main] [Utils] MethodGroupsHelper.sortMethods() took 0 ms.
2024-06-25 19:13:15,876 INFO o.t.i.Utils [main] [Utils] MethodGroupsHelper.collectMethodsByGroup() took 0 ms.
2024-06-25 19:13:15,876 INFO o.t.i.Utils [main] [Utils] MethodGroupsHelper.sortMethods() took 0 ms.
2024-06-25 19:13:15,877 INFO o.t.i.Utils [main] [Utils] MethodGroupsHelper.collectMethodsByGroup() took 0 ms.
2024-06-25 19:13:15,877 INFO o.t.i.Utils [main] [Utils] MethodGroupsHelper.sortMethods() took 0 ms.
2024-06-25 19:13:15,879 INFO o.t.i.Utils [main] [Utils] MethodGroupsHelper.collectMethodsByGroup() took 0 ms.
2024-06-25 19:13:15,880 INFO o.t.i.Utils [main] [Utils] MethodGroupsHelper.sortMethods() took 0 ms.
2024-06-25 19:13:15,884 INFO o.t.i.Utils [main] [Utils] MethodGroupsHelper.collectMethodsByGroup() took 0 ms.
2024-06-25 19:13:15,885 INFO o.t.i.Utils [main] [Utils] MethodGroupsHelper.sortMethods() took 0 ms.
2024-06-25 19:13:15,885 INFO o.t.i.Utils [main] [Utils] MethodGroupsHelper.collectMethodsByGroup() took 0 ms.
2024-06-25 19:13:15,885 INFO o.t.i.Utils [main] [Utils] MethodGroupsHelper.sortMethods() took 0 ms.
2024-06-25 19:13:15,903 INFO o.t.i.Utils [main] [TestNG] Running:
  C:\Users\vyshu\AppData\Local\Temp\testng-eclipse--792259270\testng-customsuite.xml

2024-06-25 19:13:15,942 INFO o.t.i.Utils [main] [Utils] DynamicGraphHelper.createDynamicGraph() took 12 ms.
2024-06-25 19:13:16,251 INFO o.t.i.Utils [main] [TestNG] Time taken by org.testng.reporters.jq.Main@165b2f7f: 103 ms
2024-06-25 19:13:16,276 INFO o.t.i.Utils [main] [TestNG] Time taken by org.testng.reporters.FailedReporter@34a97744: 25 ms
2024-06-25 19:13:16,300 INFO o.t.i.Utils [main] [TestNG] Time taken by org.testng.reporters.XMLReporter@34625ccd: 23 ms
2024-06-25 19:13:16,317 INFO o.t.i.Utils [main] [TestNG] Time taken by org.testng.reporters.EmailableReporter2@46f699d5: 17 ms
2024-06-25 19:13:16,332 INFO o.t.i.Utils [main] [TestNG] Time taken by org.testng.reporters.JUnitReportReporter@659eef7: 14 ms
2024-06-25 19:13:16,332 INFO o.t.i.Utils [main] [TestNG] Time taken by org.testng.internal.ExitCodeListener@162be91c: 0 ms
2024-06-25 19:14:07,084 INFO o.t.i.Utils [main] [Utils] MethodGroupsHelper.collectMethodsByGroup() took 1 ms.
2024-06-25 19:14:07,092 INFO o.t.i.Utils [main] [Utils] MethodGroupsHelper.sortMethods() took 1 ms.
2024-06-25 19:14:07,094 INFO o.t.i.Utils [main] [Utils] MethodGroupsHelper.collectMethodsByGroup() took 0 ms.
2024-06-25 19:14:07,094 INFO o.t.i.Utils [main] [Utils] MethodGroupsHelper.sortMethods() took 0 ms.
2024-06-25 19:14:07,095 INFO o.t.i.Utils [main] [Utils] MethodGroupsHelper.collectMethodsByGroup() took 0 ms.
2024-06-25 19:14:07,095 INFO o.t.i.Utils [main] [Utils] MethodGroupsHelper.sortMethods() took 0 ms.
2024-06-25 19:14:07,096 INFO o.t.i.Utils [main] [Utils] MethodGroupsHelper.collectMethodsByGroup() took 0 ms.
2024-06-25 19:14:07,096 INFO o.t.i.Utils [main] [Utils] MethodGroupsHelper.sortMethods() took 0 ms.
2024-06-25 19:14:07,101 INFO o.t.i.Utils [main] [Utils] MethodGroupsHelper.collectMethodsByGroup() took 3 ms.
2024-06-25 19:14:07,115 INFO o.t.i.Utils [main] [Utils] MethodGroupsHelper.sortMethods() took 13 ms.
2024-06-25 19:14:07,189 INFO o.t.i.Utils [main] [Utils] MethodGroupsHelper.collectMethodsByGroup() took 0 ms.
2024-06-25 19:14:07,190 INFO o.t.i.Utils [main] [Utils] MethodGroupsHelper.sortMethods() took 1 ms.
2024-06-25 19:14:07,191 INFO o.t.i.Utils [main] [Utils] MethodGroupsHelper.collectMethodsByGroup() took 0 ms.
2024-06-25 19:14:07,192 INFO o.t.i.Utils [main] [Utils] MethodGroupsHelper.sortMethods() took 0 ms.
2024-06-25 19:14:07,192 INFO o.t.i.Utils [main] [Utils] MethodGroupsHelper.collectMethodsByGroup() took 0 ms.
2024-06-25 19:14:07,193 INFO o.t.i.Utils [main] [Utils] MethodGroupsHelper.sortMethods() took 0 ms.
2024-06-25 19:14:07,195 INFO o.t.i.Utils [main] [Utils] MethodGroupsHelper.collectMethodsByGroup() took 0 ms.
2024-06-25 19:14:07,195 INFO o.t.i.Utils [main] [Utils] MethodGroupsHelper.sortMethods() took 0 ms.
2024-06-25 19:14:07,196 INFO o.t.i.Utils [main] [Utils] MethodGroupsHelper.collectMethodsByGroup() took 0 ms.
2024-06-25 19:14:07,196 INFO o.t.i.Utils [main] [Utils] MethodGroupsHelper.sortMethods() took 0 ms.
2024-06-25 19:14:07,200 INFO o.t.i.Utils [main] [Utils] MethodGroupsHelper.collectMethodsByGroup() took 0 ms.
2024-06-25 19:14:07,200 INFO o.t.i.Utils [main] [Utils] MethodGroupsHelper.sortMethods() took 0 ms.
2024-06-25 19:14:07,200 INFO o.t.i.Utils [main] [Utils] MethodGroupsHelper.collectMethodsByGroup() took 0 ms.
2024-06-25 19:14:07,200 INFO o.t.i.Utils [main] [Utils] MethodGroupsHelper.sortMethods() took 0 ms.
2024-06-25 19:14:07,202 INFO o.t.i.Utils [main] [Utils] MethodGroupsHelper.collectMethodsByGroup() took 1 ms.
2024-06-25 19:14:07,202 INFO o.t.i.Utils [main] [Utils] MethodGroupsHelper.sortMethods() took 0 ms.
2024-06-25 19:14:07,205 INFO o.t.i.Utils [main] [Utils] MethodGroupsHelper.collectMethodsByGroup() took 1 ms.
2024-06-25 19:14:07,205 INFO o.t.i.Utils [main] [Utils] MethodGroupsHelper.sortMethods() took 0 ms.
2024-06-25 19:14:07,205 INFO o.t.i.Utils [main] [Utils] MethodGroupsHelper.collectMethodsByGroup() took 0 ms.
2024-06-25 19:14:07,205 INFO o.t.i.Utils [main] [Utils] MethodGroupsHelper.sortMethods() took 0 ms.
2024-06-25 19:14:07,224 INFO o.t.i.Utils [main] [TestNG] Running:
  C:\Users\vyshu\AppData\Local\Temp\testng-eclipse-1418400641\testng-customsuite.xml

2024-06-25 19:14:07,251 INFO o.t.i.Utils [main] [Utils] DynamicGraphHelper.createDynamicGraph() took 5 ms.
2024-06-25 19:14:09,322 INFO o.t.i.Utils [main] [TestNG] Time taken by org.testng.reporters.jq.Main@31ee96f4: 229 ms
2024-06-25 19:14:09,345 INFO o.t.i.Utils [main] [TestNG] Time taken by org.testng.reporters.FailedReporter@3c0036b: 22 ms
2024-06-25 19:14:09,384 INFO o.t.i.Utils [main] [TestNG] Time taken by org.testng.reporters.XMLReporter@48b22fd4: 38 ms
2024-06-25 19:14:09,398 INFO o.t.i.Utils [main] [TestNG] Time taken by org.testng.reporters.EmailableReporter2@4ae263bf: 14 ms
2024-06-25 19:14:09,407 INFO o.t.i.Utils [main] [TestNG] Time taken by org.testng.reporters.JUnitReportReporter@3f92c349: 9 ms
2024-06-25 19:14:09,408 INFO o.t.i.Utils [main] [TestNG] Time taken by org.testng.internal.ExitCodeListener@769a58e5: 0 ms
2024-06-25 19:15:44,148 INFO o.t.i.Utils [main] [Utils] MethodGroupsHelper.collectMethodsByGroup() took 1 ms.
2024-06-25 19:15:44,156 INFO o.t.i.Utils [main] [Utils] MethodGroupsHelper.sortMethods() took 0 ms.
2024-06-25 19:15:44,158 INFO o.t.i.Utils [main] [Utils] MethodGroupsHelper.collectMethodsByGroup() took 0 ms.
2024-06-25 19:15:44,158 INFO o.t.i.Utils [main] [Utils] MethodGroupsHelper.sortMethods() took 0 ms.
2024-06-25 19:15:44,159 INFO o.t.i.Utils [main] [Utils] MethodGroupsHelper.collectMethodsByGroup() took 0 ms.
2024-06-25 19:15:44,159 INFO o.t.i.Utils [main] [Utils] MethodGroupsHelper.sortMethods() took 0 ms.
2024-06-25 19:15:44,160 INFO o.t.i.Utils [main] [Utils] MethodGroupsHelper.collectMethodsByGroup() took 0 ms.
2024-06-25 19:15:44,160 INFO o.t.i.Utils [main] [Utils] MethodGroupsHelper.sortMethods() took 0 ms.
2024-06-25 19:15:44,165 INFO o.t.i.Utils [main] [Utils] MethodGroupsHelper.collectMethodsByGroup() took 2 ms.
2024-06-25 19:15:44,177 INFO o.t.i.Utils [main] [Utils] MethodGroupsHelper.sortMethods() took 11 ms.
2024-06-25 19:15:44,179 INFO o.t.i.Utils [main] [Utils] MethodGroupsHelper.collectMethodsByGroup() took 0 ms.
2024-06-25 19:15:44,180 INFO o.t.i.Utils [main] [Utils] MethodGroupsHelper.sortMethods() took 1 ms.
2024-06-25 19:15:44,181 INFO o.t.i.Utils [main] [Utils] MethodGroupsHelper.collectMethodsByGroup() took 0 ms.
2024-06-25 19:15:44,181 INFO o.t.i.Utils [main] [Utils] MethodGroupsHelper.sortMethods() took 0 ms.
2024-06-25 19:15:44,181 INFO o.t.i.Utils [main] [Utils] MethodGroupsHelper.collectMethodsByGroup() took 0 ms.
2024-06-25 19:15:44,182 INFO o.t.i.Utils [main] [Utils] MethodGroupsHelper.sortMethods() took 0 ms.
2024-06-25 19:15:44,183 INFO o.t.i.Utils [main] [Utils] MethodGroupsHelper.collectMethodsByGroup() took 0 ms.
2024-06-25 19:15:44,183 INFO o.t.i.Utils [main] [Utils] MethodGroupsHelper.sortMethods() took 0 ms.
2024-06-25 19:15:44,183 INFO o.t.i.Utils [main] [Utils] MethodGroupsHelper.collectMethodsByGroup() took 0 ms.
2024-06-25 19:15:44,185 INFO o.t.i.Utils [main] [Utils] MethodGroupsHelper.sortMethods() took 0 ms.
2024-06-25 19:15:44,188 INFO o.t.i.Utils [main] [Utils] MethodGroupsHelper.collectMethodsByGroup() took 0 ms.
2024-06-25 19:15:44,188 INFO o.t.i.Utils [main] [Utils] MethodGroupsHelper.sortMethods() took 0 ms.
2024-06-25 19:15:44,188 INFO o.t.i.Utils [main] [Utils] MethodGroupsHelper.collectMethodsByGroup() took 0 ms.
2024-06-25 19:15:44,188 INFO o.t.i.Utils [main] [Utils] MethodGroupsHelper.sortMethods() took 0 ms.
2024-06-25 19:15:44,189 INFO o.t.i.Utils [main] [Utils] MethodGroupsHelper.collectMethodsByGroup() took 0 ms.
2024-06-25 19:15:44,190 INFO o.t.i.Utils [main] [Utils] MethodGroupsHelper.sortMethods() took 0 ms.
2024-06-25 19:15:44,192 INFO o.t.i.Utils [main] [Utils] MethodGroupsHelper.collectMethodsByGroup() took 0 ms.
2024-06-25 19:15:44,192 INFO o.t.i.Utils [main] [Utils] MethodGroupsHelper.sortMethods() took 0 ms.
2024-06-25 19:15:44,192 INFO o.t.i.Utils [main] [Utils] MethodGroupsHelper.collectMethodsByGroup() took 0 ms.
2024-06-25 19:15:44,192 INFO o.t.i.Utils [main] [Utils] MethodGroupsHelper.sortMethods() took 0 ms.
2024-06-25 19:15:44,206 INFO o.t.i.Utils [main] [TestNG] Running:
  C:\Users\vyshu\AppData\Local\Temp\testng-eclipse--1110063506\testng-customsuite.xml

2024-06-25 19:15:44,229 INFO o.t.i.Utils [main] [Utils] DynamicGraphHelper.createDynamicGraph() took 5 ms.
2024-06-25 19:15:44,542 INFO o.t.i.Utils [main] [TestNG] Time taken by org.testng.reporters.jq.Main@5536379e: 175 ms
2024-06-25 19:15:44,568 INFO o.t.i.Utils [main] [TestNG] Time taken by org.testng.reporters.FailedReporter@4275c20c: 25 ms
2024-06-25 19:15:44,586 INFO o.t.i.Utils [main] [TestNG] Time taken by org.testng.reporters.XMLReporter@2c7d121c: 18 ms
2024-06-25 19:15:44,602 INFO o.t.i.Utils [main] [TestNG] Time taken by org.testng.reporters.EmailableReporter2@18518ccf: 15 ms
2024-06-25 19:15:44,613 INFO o.t.i.Utils [main] [TestNG] Time taken by org.testng.reporters.JUnitReportReporter@2488b073: 11 ms
2024-06-25 19:15:44,614 INFO o.t.i.Utils [main] [TestNG] Time taken by org.testng.internal.ExitCodeListener@1c9f0a20: 1 ms
2024-06-25 19:16:50,931 INFO o.t.i.Utils [main] [TestNG] Running:
  C:\Users\vyshu\eclipse-workspace\Opencart\master.xml

2024-06-25 19:17:04,110 INFO t.TC002_LoginTest [main] /**starting TC002
2024-06-25 19:33:25,620 INFO o.t.i.Utils [main] [TestNG] Running:
  C:\Users\vyshu\eclipse-workspace\Opencart\master.xml

2024-06-25 19:34:12,757 INFO t.TC002_LoginTest [main] /**starting TC002
